{"/Users/macbook/Desktop/Rithm/week7/meAndJon/express-jobly/config.js": {"path":"/Users/macbook/Desktop/Rithm/week7/meAndJon/express-jobly/config.js","statementMap":{"0":{"start":{"line":5,"column":0},"end":{"line":5,"column":27}},"1":{"start":{"line":6,"column":0},"end":{"line":6,"column":18}},"2":{"start":{"line":8,"column":19},"end":{"line":8,"column":57}},"3":{"start":{"line":10,"column":13},"end":{"line":10,"column":38}},"4":{"start":{"line":14,"column":2},"end":{"line":16,"column":44}},"5":{"start":{"line":22,"column":27},"end":{"line":22,"column":67}},"6":{"start":{"line":24,"column":0},"end":{"line":24,"column":35}},"7":{"start":{"line":25,"column":0},"end":{"line":25,"column":46}},"8":{"start":{"line":26,"column":0},"end":{"line":26,"column":45}},"9":{"start":{"line":27,"column":0},"end":{"line":27,"column":61}},"10":{"start":{"line":28,"column":0},"end":{"line":28,"column":50}},"11":{"start":{"line":29,"column":0},"end":{"line":29,"column":19}},"12":{"start":{"line":31,"column":0},"end":{"line":36,"column":2}}},"fnMap":{"0":{"name":"getDatabaseUri","decl":{"start":{"line":13,"column":9},"end":{"line":13,"column":23}},"loc":{"start":{"line":13,"column":26},"end":{"line":17,"column":1}},"line":13}},"branchMap":{"0":{"loc":{"start":{"line":8,"column":19},"end":{"line":8,"column":57}},"type":"binary-expr","locations":[{"start":{"line":8,"column":19},"end":{"line":8,"column":41}},{"start":{"line":8,"column":45},"end":{"line":8,"column":57}}],"line":8},"1":{"loc":{"start":{"line":10,"column":13},"end":{"line":10,"column":38}},"type":"binary-expr","locations":[{"start":{"line":10,"column":13},"end":{"line":10,"column":30}},{"start":{"line":10,"column":34},"end":{"line":10,"column":38}}],"line":10},"2":{"loc":{"start":{"line":14,"column":9},"end":{"line":16,"column":43}},"type":"cond-expr","locations":[{"start":{"line":15,"column":8},"end":{"line":15,"column":20}},{"start":{"line":16,"column":8},"end":{"line":16,"column":43}}],"line":14},"3":{"loc":{"start":{"line":16,"column":8},"end":{"line":16,"column":43}},"type":"binary-expr","locations":[{"start":{"line":16,"column":8},"end":{"line":16,"column":32}},{"start":{"line":16,"column":36},"end":{"line":16,"column":43}}],"line":16},"4":{"loc":{"start":{"line":22,"column":27},"end":{"line":22,"column":67}},"type":"cond-expr","locations":[{"start":{"line":22,"column":61},"end":{"line":22,"column":62}},{"start":{"line":22,"column":65},"end":{"line":22,"column":67}}],"line":22}},"s":{"0":1,"1":1,"2":1,"3":1,"4":2,"5":1,"6":1,"7":1,"8":1,"9":1,"10":1,"11":1,"12":1},"f":{"0":2},"b":{"0":[1,1],"1":[1,1],"2":[2,0],"3":[0,0],"4":[1,0]},"_coverageSchema":"1a1c01bbd47fc00a2c39e90264f33305004495a9","hash":"5d9cf51945788f6679d96e1020443477aad74177"}
,"/Users/macbook/Desktop/Rithm/week7/meAndJon/express-jobly/db.js": {"path":"/Users/macbook/Desktop/Rithm/week7/meAndJon/express-jobly/db.js","statementMap":{"0":{"start":{"line":5,"column":19},"end":{"line":5,"column":32}},"1":{"start":{"line":6,"column":27},"end":{"line":6,"column":46}},"2":{"start":{"line":8,"column":11},"end":{"line":10,"column":2}},"3":{"start":{"line":12,"column":0},"end":{"line":12,"column":13}},"4":{"start":{"line":14,"column":0},"end":{"line":14,"column":20}}},"fnMap":{},"branchMap":{},"s":{"0":1,"1":1,"2":1,"3":1,"4":1},"f":{},"b":{},"_coverageSchema":"1a1c01bbd47fc00a2c39e90264f33305004495a9","hash":"cb4ec469268aa645912f2c0c023bb022608a49d2"}
,"/Users/macbook/Desktop/Rithm/week7/meAndJon/express-jobly/expressError.js": {"path":"/Users/macbook/Desktop/Rithm/week7/meAndJon/express-jobly/expressError.js","statementMap":{"0":{"start":{"line":9,"column":4},"end":{"line":9,"column":12}},"1":{"start":{"line":10,"column":4},"end":{"line":10,"column":27}},"2":{"start":{"line":11,"column":4},"end":{"line":11,"column":25}},"3":{"start":{"line":19,"column":4},"end":{"line":19,"column":24}},"4":{"start":{"line":27,"column":4},"end":{"line":27,"column":24}},"5":{"start":{"line":35,"column":4},"end":{"line":35,"column":24}},"6":{"start":{"line":43,"column":4},"end":{"line":43,"column":24}},"7":{"start":{"line":47,"column":0},"end":{"line":53,"column":2}}},"fnMap":{"0":{"name":"(anonymous_0)","decl":{"start":{"line":8,"column":2},"end":{"line":8,"column":3}},"loc":{"start":{"line":8,"column":31},"end":{"line":12,"column":3}},"line":8},"1":{"name":"(anonymous_1)","decl":{"start":{"line":18,"column":2},"end":{"line":18,"column":3}},"loc":{"start":{"line":18,"column":37},"end":{"line":20,"column":3}},"line":18},"2":{"name":"(anonymous_2)","decl":{"start":{"line":26,"column":2},"end":{"line":26,"column":3}},"loc":{"start":{"line":26,"column":40},"end":{"line":28,"column":3}},"line":26},"3":{"name":"(anonymous_3)","decl":{"start":{"line":34,"column":2},"end":{"line":34,"column":3}},"loc":{"start":{"line":34,"column":39},"end":{"line":36,"column":3}},"line":34},"4":{"name":"(anonymous_4)","decl":{"start":{"line":42,"column":2},"end":{"line":42,"column":3}},"loc":{"start":{"line":42,"column":39},"end":{"line":44,"column":3}},"line":42}},"branchMap":{"0":{"loc":{"start":{"line":18,"column":14},"end":{"line":18,"column":35}},"type":"default-arg","locations":[{"start":{"line":18,"column":24},"end":{"line":18,"column":35}}],"line":18},"1":{"loc":{"start":{"line":26,"column":14},"end":{"line":26,"column":38}},"type":"default-arg","locations":[{"start":{"line":26,"column":24},"end":{"line":26,"column":38}}],"line":26},"2":{"loc":{"start":{"line":34,"column":14},"end":{"line":34,"column":37}},"type":"default-arg","locations":[{"start":{"line":34,"column":24},"end":{"line":34,"column":37}}],"line":34},"3":{"loc":{"start":{"line":42,"column":14},"end":{"line":42,"column":37}},"type":"default-arg","locations":[{"start":{"line":42,"column":24},"end":{"line":42,"column":37}}],"line":42}},"s":{"0":6,"1":6,"2":6,"3":3,"4":0,"5":3,"6":0,"7":1},"f":{"0":6,"1":3,"2":0,"3":3,"4":0},"b":{"0":[0],"1":[0],"2":[0],"3":[0]},"_coverageSchema":"1a1c01bbd47fc00a2c39e90264f33305004495a9","hash":"16314fdedc3c7199a7c02d465410474abe99ae1b"}
,"/Users/macbook/Desktop/Rithm/week7/meAndJon/express-jobly/helpers/sql.js": {"path":"/Users/macbook/Desktop/Rithm/week7/meAndJon/express-jobly/helpers/sql.js","statementMap":{"0":{"start":{"line":1,"column":28},"end":{"line":1,"column":54}},"1":{"start":{"line":11,"column":15},"end":{"line":11,"column":40}},"2":{"start":{"line":13,"column":2},"end":{"line":13,"column":62}},"3":{"start":{"line":13,"column":25},"end":{"line":13,"column":62}},"4":{"start":{"line":16,"column":15},"end":{"line":18,"column":3}},"5":{"start":{"line":17,"column":6},"end":{"line":17,"column":52}},"6":{"start":{"line":20,"column":2},"end":{"line":23,"column":4}},"7":{"start":{"line":26,"column":0},"end":{"line":26,"column":41}}},"fnMap":{"0":{"name":"sqlForPartialUpdate","decl":{"start":{"line":8,"column":9},"end":{"line":8,"column":28}},"loc":{"start":{"line":8,"column":52},"end":{"line":24,"column":1}},"line":8},"1":{"name":"(anonymous_1)","decl":{"start":{"line":16,"column":24},"end":{"line":16,"column":25}},"loc":{"start":{"line":17,"column":6},"end":{"line":17,"column":52}},"line":17}},"branchMap":{"0":{"loc":{"start":{"line":13,"column":2},"end":{"line":13,"column":62}},"type":"if","locations":[{"start":{"line":13,"column":2},"end":{"line":13,"column":62}},{"start":{"line":13,"column":2},"end":{"line":13,"column":62}}],"line":13},"1":{"loc":{"start":{"line":17,"column":10},"end":{"line":17,"column":37}},"type":"binary-expr","locations":[{"start":{"line":17,"column":10},"end":{"line":17,"column":26}},{"start":{"line":17,"column":30},"end":{"line":17,"column":37}}],"line":17}},"s":{"0":1,"1":4,"2":4,"3":1,"4":3,"5":12,"6":3,"7":1},"f":{"0":4,"1":12},"b":{"0":[1,3],"1":[12,6]},"_coverageSchema":"1a1c01bbd47fc00a2c39e90264f33305004495a9","hash":"f44287f800ce27dc96f049389b6e47c8689b86ea"}
,"/Users/macbook/Desktop/Rithm/week7/meAndJon/express-jobly/models/_testCommon.js": {"path":"/Users/macbook/Desktop/Rithm/week7/meAndJon/express-jobly/models/_testCommon.js","statementMap":{"0":{"start":{"line":1,"column":15},"end":{"line":1,"column":32}},"1":{"start":{"line":3,"column":11},"end":{"line":3,"column":30}},"2":{"start":{"line":4,"column":31},"end":{"line":4,"column":51}},"3":{"start":{"line":8,"column":2},"end":{"line":8,"column":42}},"4":{"start":{"line":10,"column":2},"end":{"line":10,"column":38}},"5":{"start":{"line":12,"column":2},"end":{"line":16,"column":55}},"6":{"start":{"line":18,"column":2},"end":{"line":30,"column":9}},"7":{"start":{"line":34,"column":2},"end":{"line":34,"column":26}},"8":{"start":{"line":38,"column":2},"end":{"line":38,"column":29}},"9":{"start":{"line":42,"column":2},"end":{"line":42,"column":17}},"10":{"start":{"line":46,"column":0},"end":{"line":51,"column":2}}},"fnMap":{"0":{"name":"commonBeforeAll","decl":{"start":{"line":6,"column":15},"end":{"line":6,"column":30}},"loc":{"start":{"line":6,"column":33},"end":{"line":31,"column":1}},"line":6},"1":{"name":"commonBeforeEach","decl":{"start":{"line":33,"column":15},"end":{"line":33,"column":31}},"loc":{"start":{"line":33,"column":34},"end":{"line":35,"column":1}},"line":33},"2":{"name":"commonAfterEach","decl":{"start":{"line":37,"column":15},"end":{"line":37,"column":30}},"loc":{"start":{"line":37,"column":33},"end":{"line":39,"column":1}},"line":37},"3":{"name":"commonAfterAll","decl":{"start":{"line":41,"column":15},"end":{"line":41,"column":29}},"loc":{"start":{"line":41,"column":32},"end":{"line":43,"column":1}},"line":41}},"branchMap":{},"s":{"0":1,"1":1,"2":1,"3":1,"4":1,"5":1,"6":1,"7":17,"8":17,"9":1,"10":1},"f":{"0":1,"1":17,"2":17,"3":1},"b":{},"_coverageSchema":"1a1c01bbd47fc00a2c39e90264f33305004495a9","hash":"8cb1d7b6aaeb379d9279a7b7696ed513324d29cb"}
,"/Users/macbook/Desktop/Rithm/week7/meAndJon/express-jobly/models/company.js": {"path":"/Users/macbook/Desktop/Rithm/week7/meAndJon/express-jobly/models/company.js","statementMap":{"0":{"start":{"line":3,"column":11},"end":{"line":3,"column":27}},"1":{"start":{"line":4,"column":43},"end":{"line":4,"column":69}},"2":{"start":{"line":5,"column":32},"end":{"line":5,"column":57}},"3":{"start":{"line":20,"column":27},"end":{"line":24,"column":17}},"4":{"start":{"line":26,"column":4},"end":{"line":27,"column":64}},"5":{"start":{"line":27,"column":6},"end":{"line":27,"column":64}},"6":{"start":{"line":29,"column":19},"end":{"line":41,"column":5}},"7":{"start":{"line":42,"column":20},"end":{"line":42,"column":34}},"8":{"start":{"line":44,"column":4},"end":{"line":44,"column":19}},"9":{"start":{"line":58,"column":18},"end":{"line":63,"column":26}},"10":{"start":{"line":65,"column":17},"end":{"line":65,"column":19}},"11":{"start":{"line":66,"column":27},"end":{"line":66,"column":29}},"12":{"start":{"line":69,"column":49},"end":{"line":69,"column":57}},"13":{"start":{"line":71,"column":4},"end":{"line":73,"column":5}},"14":{"start":{"line":72,"column":6},"end":{"line":72,"column":96}},"15":{"start":{"line":80,"column":4},"end":{"line":83,"column":5}},"16":{"start":{"line":81,"column":6},"end":{"line":81,"column":32}},"17":{"start":{"line":82,"column":6},"end":{"line":82,"column":66}},"18":{"start":{"line":86,"column":4},"end":{"line":89,"column":5}},"19":{"start":{"line":87,"column":6},"end":{"line":87,"column":32}},"20":{"start":{"line":88,"column":6},"end":{"line":88,"column":66}},"21":{"start":{"line":92,"column":4},"end":{"line":95,"column":5}},"22":{"start":{"line":93,"column":6},"end":{"line":93,"column":29}},"23":{"start":{"line":94,"column":6},"end":{"line":94,"column":60}},"24":{"start":{"line":98,"column":4},"end":{"line":100,"column":5}},"25":{"start":{"line":99,"column":6},"end":{"line":99,"column":58}},"26":{"start":{"line":103,"column":4},"end":{"line":103,"column":30}},"27":{"start":{"line":106,"column":25},"end":{"line":106,"column":54}},"28":{"start":{"line":108,"column":4},"end":{"line":108,"column":29}},"29":{"start":{"line":120,"column":23},"end":{"line":128,"column":17}},"30":{"start":{"line":130,"column":20},"end":{"line":130,"column":38}},"31":{"start":{"line":132,"column":4},"end":{"line":132,"column":67}},"32":{"start":{"line":132,"column":18},"end":{"line":132,"column":67}},"33":{"start":{"line":134,"column":4},"end":{"line":134,"column":19}},"34":{"start":{"line":150,"column":32},"end":{"line":155,"column":10}},"35":{"start":{"line":156,"column":25},"end":{"line":156,"column":50}},"36":{"start":{"line":158,"column":21},"end":{"line":165,"column":54}},"37":{"start":{"line":166,"column":19},"end":{"line":166,"column":64}},"38":{"start":{"line":167,"column":20},"end":{"line":167,"column":34}},"39":{"start":{"line":169,"column":4},"end":{"line":169,"column":67}},"40":{"start":{"line":169,"column":18},"end":{"line":169,"column":67}},"41":{"start":{"line":171,"column":4},"end":{"line":171,"column":19}},"42":{"start":{"line":180,"column":19},"end":{"line":185,"column":17}},"43":{"start":{"line":186,"column":20},"end":{"line":186,"column":34}},"44":{"start":{"line":188,"column":4},"end":{"line":188,"column":67}},"45":{"start":{"line":188,"column":18},"end":{"line":188,"column":67}},"46":{"start":{"line":193,"column":0},"end":{"line":193,"column":25}}},"fnMap":{"0":{"name":"(anonymous_0)","decl":{"start":{"line":19,"column":2},"end":{"line":19,"column":3}},"loc":{"start":{"line":19,"column":76},"end":{"line":45,"column":3}},"line":19},"1":{"name":"(anonymous_1)","decl":{"start":{"line":57,"column":2},"end":{"line":57,"column":3}},"loc":{"start":{"line":57,"column":38},"end":{"line":109,"column":3}},"line":57},"2":{"name":"(anonymous_2)","decl":{"start":{"line":119,"column":2},"end":{"line":119,"column":3}},"loc":{"start":{"line":119,"column":27},"end":{"line":135,"column":3}},"line":119},"3":{"name":"(anonymous_3)","decl":{"start":{"line":149,"column":2},"end":{"line":149,"column":3}},"loc":{"start":{"line":149,"column":36},"end":{"line":172,"column":3}},"line":149},"4":{"name":"(anonymous_4)","decl":{"start":{"line":179,"column":2},"end":{"line":179,"column":3}},"loc":{"start":{"line":179,"column":30},"end":{"line":189,"column":3}},"line":179}},"branchMap":{"0":{"loc":{"start":{"line":26,"column":4},"end":{"line":27,"column":64}},"type":"if","locations":[{"start":{"line":26,"column":4},"end":{"line":27,"column":64}},{"start":{"line":26,"column":4},"end":{"line":27,"column":64}}],"line":26},"1":{"loc":{"start":{"line":57,"column":23},"end":{"line":57,"column":36}},"type":"default-arg","locations":[{"start":{"line":57,"column":34},"end":{"line":57,"column":36}}],"line":57},"2":{"loc":{"start":{"line":71,"column":4},"end":{"line":73,"column":5}},"type":"if","locations":[{"start":{"line":71,"column":4},"end":{"line":73,"column":5}},{"start":{"line":71,"column":4},"end":{"line":73,"column":5}}],"line":71},"3":{"loc":{"start":{"line":80,"column":4},"end":{"line":83,"column":5}},"type":"if","locations":[{"start":{"line":80,"column":4},"end":{"line":83,"column":5}},{"start":{"line":80,"column":4},"end":{"line":83,"column":5}}],"line":80},"4":{"loc":{"start":{"line":86,"column":4},"end":{"line":89,"column":5}},"type":"if","locations":[{"start":{"line":86,"column":4},"end":{"line":89,"column":5}},{"start":{"line":86,"column":4},"end":{"line":89,"column":5}}],"line":86},"5":{"loc":{"start":{"line":92,"column":4},"end":{"line":95,"column":5}},"type":"if","locations":[{"start":{"line":92,"column":4},"end":{"line":95,"column":5}},{"start":{"line":92,"column":4},"end":{"line":95,"column":5}}],"line":92},"6":{"loc":{"start":{"line":98,"column":4},"end":{"line":100,"column":5}},"type":"if","locations":[{"start":{"line":98,"column":4},"end":{"line":100,"column":5}},{"start":{"line":98,"column":4},"end":{"line":100,"column":5}}],"line":98},"7":{"loc":{"start":{"line":132,"column":4},"end":{"line":132,"column":67}},"type":"if","locations":[{"start":{"line":132,"column":4},"end":{"line":132,"column":67}},{"start":{"line":132,"column":4},"end":{"line":132,"column":67}}],"line":132},"8":{"loc":{"start":{"line":169,"column":4},"end":{"line":169,"column":67}},"type":"if","locations":[{"start":{"line":169,"column":4},"end":{"line":169,"column":67}},{"start":{"line":169,"column":4},"end":{"line":169,"column":67}}],"line":169},"9":{"loc":{"start":{"line":188,"column":4},"end":{"line":188,"column":67}},"type":"if","locations":[{"start":{"line":188,"column":4},"end":{"line":188,"column":67}},{"start":{"line":188,"column":4},"end":{"line":188,"column":67}}],"line":188}},"s":{"0":1,"1":1,"2":1,"3":3,"4":3,"5":1,"6":2,"7":2,"8":2,"9":7,"10":7,"11":7,"12":7,"13":7,"14":1,"15":6,"16":2,"17":2,"18":6,"19":2,"20":2,"21":6,"22":2,"23":2,"24":6,"25":5,"26":6,"27":6,"28":6,"29":2,"30":2,"31":2,"32":1,"33":1,"34":4,"35":3,"36":3,"37":3,"38":3,"39":3,"40":1,"41":2,"42":2,"43":2,"44":2,"45":1,"46":1},"f":{"0":3,"1":7,"2":2,"3":4,"4":2},"b":{"0":[1,2],"1":[1],"2":[1,6],"3":[2,4],"4":[2,4],"5":[2,4],"6":[5,1],"7":[1,1],"8":[1,2],"9":[1,1]},"_coverageSchema":"1a1c01bbd47fc00a2c39e90264f33305004495a9","hash":"8c8920d43de2f78eb68125ba35b44b8af27568fc"}
}
