TN:
SF:config.js
FN:13,getDatabaseUri
FNF:1
FNH:1
FNDA:2,getDatabaseUri
DA:5,1
DA:6,1
DA:8,1
DA:10,1
DA:14,2
DA:22,1
DA:24,1
DA:25,1
DA:26,1
DA:27,1
DA:28,1
DA:29,1
DA:31,1
LF:13
LH:13
BRDA:8,0,0,1
BRDA:8,0,1,1
BRDA:10,1,0,1
BRDA:10,1,1,1
BRDA:14,2,0,2
BRDA:14,2,1,0
BRDA:16,3,0,0
BRDA:16,3,1,0
BRDA:22,4,0,1
BRDA:22,4,1,0
BRF:10
BRH:6
end_of_record
TN:
SF:db.js
FNF:0
FNH:0
DA:5,1
DA:6,1
DA:8,1
DA:12,1
DA:14,1
LF:5
LH:5
BRF:0
BRH:0
end_of_record
TN:
SF:expressError.js
FN:8,(anonymous_0)
FN:18,(anonymous_1)
FN:26,(anonymous_2)
FN:34,(anonymous_3)
FN:42,(anonymous_4)
FNF:5
FNH:3
FNDA:6,(anonymous_0)
FNDA:3,(anonymous_1)
FNDA:0,(anonymous_2)
FNDA:3,(anonymous_3)
FNDA:0,(anonymous_4)
DA:9,6
DA:10,6
DA:11,6
DA:19,3
DA:27,0
DA:35,3
DA:43,0
DA:47,1
LF:8
LH:6
BRDA:18,0,0,0
BRDA:26,1,0,0
BRDA:34,2,0,0
BRDA:42,3,0,0
BRF:4
BRH:0
end_of_record
TN:
SF:helpers/sql.js
FN:8,sqlForPartialUpdate
FN:16,(anonymous_1)
FNF:2
FNH:2
FNDA:4,sqlForPartialUpdate
FNDA:12,(anonymous_1)
DA:1,1
DA:11,4
DA:13,4
DA:16,3
DA:17,12
DA:20,3
DA:26,1
LF:7
LH:7
BRDA:13,0,0,1
BRDA:13,0,1,3
BRDA:17,1,0,12
BRDA:17,1,1,6
BRF:4
BRH:4
end_of_record
TN:
SF:models/_testCommon.js
FN:6,commonBeforeAll
FN:33,commonBeforeEach
FN:37,commonAfterEach
FN:41,commonAfterAll
FNF:4
FNH:4
FNDA:1,commonBeforeAll
FNDA:17,commonBeforeEach
FNDA:17,commonAfterEach
FNDA:1,commonAfterAll
DA:1,1
DA:3,1
DA:4,1
DA:8,1
DA:10,1
DA:12,1
DA:18,1
DA:34,17
DA:38,17
DA:42,1
DA:46,1
LF:11
LH:11
BRF:0
BRH:0
end_of_record
TN:
SF:models/company.js
FN:19,(anonymous_0)
FN:57,(anonymous_1)
FN:119,(anonymous_2)
FN:149,(anonymous_3)
FN:179,(anonymous_4)
FNF:5
FNH:5
FNDA:3,(anonymous_0)
FNDA:7,(anonymous_1)
FNDA:2,(anonymous_2)
FNDA:4,(anonymous_3)
FNDA:2,(anonymous_4)
DA:3,1
DA:4,1
DA:5,1
DA:20,3
DA:26,3
DA:27,1
DA:29,2
DA:42,2
DA:44,2
DA:58,7
DA:65,7
DA:66,7
DA:69,7
DA:71,7
DA:72,1
DA:80,6
DA:81,2
DA:82,2
DA:86,6
DA:87,2
DA:88,2
DA:92,6
DA:93,2
DA:94,2
DA:98,6
DA:99,5
DA:103,6
DA:106,6
DA:108,6
DA:120,2
DA:130,2
DA:132,2
DA:134,1
DA:150,4
DA:156,3
DA:158,3
DA:166,3
DA:167,3
DA:169,3
DA:171,2
DA:180,2
DA:186,2
DA:188,2
DA:193,1
LF:44
LH:44
BRDA:26,0,0,1
BRDA:26,0,1,2
BRDA:57,1,0,1
BRDA:71,2,0,1
BRDA:71,2,1,6
BRDA:80,3,0,2
BRDA:80,3,1,4
BRDA:86,4,0,2
BRDA:86,4,1,4
BRDA:92,5,0,2
BRDA:92,5,1,4
BRDA:98,6,0,5
BRDA:98,6,1,1
BRDA:132,7,0,1
BRDA:132,7,1,1
BRDA:169,8,0,1
BRDA:169,8,1,2
BRDA:188,9,0,1
BRDA:188,9,1,1
BRF:19
BRH:19
end_of_record
